{
  "uid" : "401b8251c4d9b3cf",
  "name" : "setUp",
  "fullName" : "Default Suite : Inventa_UIandAPI.setUp",
  "historyId" : "a8a2c2f2bba4d93ef5c0d12fe51c4b",
  "time" : {
    "start" : 1589975501825,
    "stop" : 1589975501833,
    "duration" : 8
  },
  "description" : "@BeforeTest",
  "descriptionHtml" : "<p>@BeforeTest</p>\n",
  "status" : "broken",
  "statusMessage" : "UnreachableBrowserException: Error communicating with the remote browser. It may have died.\nBuild info: version: '4.0.0-alpha-5', revision: 'b3a0d621cc'\nSystem info: host: 'DESKTOP-2EKP6R8', ip: '169.254.39.241', os.name: 'Windows 10', os.arch: 'amd64', os.version: '10.0', java.version: '1.8.0_231'\nDriver info: driver.version: RemoteWebDriver\nCapabilities {acceptInsecureCerts: false, browserName: chrome, browserVersion: 81.0.4044.138, chrome: {chromedriverVersion: 81.0.4044.138 (8c6c7ba89cc9..., userDataDir: C:\\Users\\SUFIAN~1\\AppData\\L...}, goog:chromeOptions: {debuggerAddress: localhost:52127}, javascriptEnabled: true, networkConnectionEnabled: false, pageLoadStrategy: normal, platform: WINDOWS, platformName: WINDOWS, proxy: Proxy(), setWindowRect: true, strictFileInteractability: false, timeouts: {implicit: 0, pageLoad: 300000, script: 30000}, unhandledPromptBehavior: dismiss and notify, webauthn:virtualAuthenticators: true}\nSession ID: 93620883756788cb2273c9845832e5d3",
  "statusTrace" : "org.openqa.selenium.remote.UnreachableBrowserException: Error communicating with the remote browser. It may have died.\nBuild info: version: '4.0.0-alpha-5', revision: 'b3a0d621cc'\nSystem info: host: 'DESKTOP-2EKP6R8', ip: '169.254.39.241', os.name: 'Windows 10', os.arch: 'amd64', os.version: '10.0', java.version: '1.8.0_231'\nDriver info: driver.version: RemoteWebDriver\nCapabilities {acceptInsecureCerts: false, browserName: chrome, browserVersion: 81.0.4044.138, chrome: {chromedriverVersion: 81.0.4044.138 (8c6c7ba89cc9..., userDataDir: C:\\Users\\SUFIAN~1\\AppData\\L...}, goog:chromeOptions: {debuggerAddress: localhost:52127}, javascriptEnabled: true, networkConnectionEnabled: false, pageLoadStrategy: normal, platform: WINDOWS, platformName: WINDOWS, proxy: Proxy(), setWindowRect: true, strictFileInteractability: false, timeouts: {implicit: 0, pageLoad: 300000, script: 30000}, unhandledPromptBehavior: dismiss and notify, webauthn:virtualAuthenticators: true}\nSession ID: 93620883756788cb2273c9845832e5d3\n\tat org.openqa.selenium.remote.RemoteWebDriver.execute(RemoteWebDriver.java:603)\n\tat org.openqa.selenium.remote.RemoteWebDriver.get(RemoteWebDriver.java:282)\n\tat pages.inventa.common.LoginPage.loginInventa(LoginPage.java:26)\n\tat utils.BaseTest.setUp(BaseTest.java:28)\n\tat sun.reflect.NativeMethodAccessorImpl.invoke0(Native Method)\n\tat sun.reflect.NativeMethodAccessorImpl.invoke(NativeMethodAccessorImpl.java:62)\n\tat sun.reflect.DelegatingMethodAccessorImpl.invoke(DelegatingMethodAccessorImpl.java:43)\n\tat java.lang.reflect.Method.invoke(Method.java:498)\n\tat org.testng.internal.MethodInvocationHelper.invokeMethod(MethodInvocationHelper.java:134)\n\tat org.testng.internal.MethodInvocationHelper.invokeMethodConsideringTimeout(MethodInvocationHelper.java:63)\n\tat org.testng.internal.ConfigInvoker.invokeConfigurationMethod(ConfigInvoker.java:348)\n\tat org.testng.internal.ConfigInvoker.invokeConfigurations(ConfigInvoker.java:302)\n\tat org.testng.TestRunner.invokeTestConfigurations(TestRunner.java:619)\n\tat org.testng.TestRunner.beforeRun(TestRunner.java:609)\n\tat org.testng.TestRunner.run(TestRunner.java:580)\n\tat org.testng.SuiteRunner.runTest(SuiteRunner.java:384)\n\tat org.testng.SuiteRunner.runSequentially(SuiteRunner.java:378)\n\tat org.testng.SuiteRunner.privateRun(SuiteRunner.java:337)\n\tat org.testng.SuiteRunner.run(SuiteRunner.java:286)\n\tat org.testng.SuiteRunnerWorker.runSuite(SuiteRunnerWorker.java:53)\n\tat org.testng.SuiteRunnerWorker.run(SuiteRunnerWorker.java:96)\n\tat org.testng.TestNG.runSuitesSequentially(TestNG.java:1187)\n\tat org.testng.TestNG.runSuitesLocally(TestNG.java:1109)\n\tat org.testng.TestNG.runSuites(TestNG.java:1039)\n\tat org.testng.TestNG.run(TestNG.java:1007)\n\tat org.testng.IDEARemoteTestNG.run(IDEARemoteTestNG.java:73)\n\tat org.testng.RemoteTestNGStarter.main(RemoteTestNGStarter.java:123)\nCaused by: java.lang.RuntimeException: NettyHttpHandler request execution error\n\tat org.openqa.selenium.remote.http.netty.NettyHttpHandler.makeCall(NettyHttpHandler.java:72)\n\tat org.openqa.selenium.remote.http.AddSeleniumUserAgent.lambda$apply$0(AddSeleniumUserAgent.java:42)\n\tat org.openqa.selenium.remote.http.Filter.lambda$andFinally$1(Filter.java:55)\n\tat org.openqa.selenium.remote.http.netty.NettyHttpHandler.execute(NettyHttpHandler.java:47)\n\tat org.openqa.selenium.remote.http.AddSeleniumUserAgent.lambda$apply$0(AddSeleniumUserAgent.java:42)\n\tat org.openqa.selenium.remote.http.Filter.lambda$andFinally$1(Filter.java:55)\n\tat org.openqa.selenium.remote.http.netty.NettyClient.execute(NettyClient.java:47)\n\tat org.openqa.selenium.remote.HttpCommandExecutor.execute(HttpCommandExecutor.java:158)\n\tat org.openqa.selenium.remote.service.DriverCommandExecutor.execute(DriverCommandExecutor.java:83)\n\tat org.openqa.selenium.remote.RemoteWebDriver.execute(RemoteWebDriver.java:582)\n\t... 26 more\nCaused by: java.util.concurrent.ExecutionException: java.util.concurrent.TimeoutException: Request timeout to localhost/127.0.0.1:32811 after 60000 ms\n\tat java.util.concurrent.CompletableFuture.reportGet(CompletableFuture.java:357)\n\tat java.util.concurrent.CompletableFuture.get(CompletableFuture.java:1895)\n\tat org.asynchttpclient.netty.NettyResponseFuture.get(NettyResponseFuture.java:201)\n\tat org.openqa.selenium.remote.http.netty.NettyHttpHandler.makeCall(NettyHttpHandler.java:57)\n\t... 35 more\nCaused by: java.util.concurrent.TimeoutException: Request timeout to localhost/127.0.0.1:32811 after 60000 ms\n\tat org.asynchttpclient.netty.timeout.TimeoutTimerTask.expire(TimeoutTimerTask.java:43)\n\tat org.asynchttpclient.netty.timeout.RequestTimeoutTimerTask.run(RequestTimeoutTimerTask.java:50)\n\tat io.netty.util.HashedWheelTimer$HashedWheelTimeout.expire(HashedWheelTimer.java:672)\n\tat io.netty.util.HashedWheelTimer$HashedWheelBucket.expireTimeouts(HashedWheelTimer.java:747)\n\tat io.netty.util.HashedWheelTimer$Worker.run(HashedWheelTimer.java:472)\n\tat io.netty.util.concurrent.FastThreadLocalRunnable.run(FastThreadLocalRunnable.java:30)\n\tat java.lang.Thread.run(Thread.java:748)\n",
  "flaky" : false,
  "newFailed" : false,
  "beforeStages" : [ ],
  "afterStages" : [ ],
  "labels" : [ {
    "name" : "framework",
    "value" : "TestNG"
  }, {
    "name" : "host",
    "value" : "DESKTOP-2EKP6R8"
  }, {
    "name" : "language",
    "value" : "JAVA"
  }, {
    "name" : "thread",
    "value" : "31584@DESKTOP-2EKP6R8.main(1)"
  }, {
    "name" : "suite",
    "value" : "Default Suite : Inventa_UIandAPI"
  }, {
    "name" : "testClass",
    "value" : "Default Suite : Inventa_UIandAPI"
  }, {
    "name" : "testMethod",
    "value" : "setUp"
  }, {
    "name" : "package",
    "value" : "Default Suite : Inventa_UIandAPI"
  }, {
    "name" : "resultFormat",
    "value" : "allure1"
  } ],
  "parameters" : [ ],
  "links" : [ ],
  "hidden" : true,
  "retry" : true,
  "extra" : {
    "categories" : [ ],
    "tags" : [ ]
  },
  "source" : "401b8251c4d9b3cf.json",
  "parameterValues" : [ ]
}