{
  "uid" : "dc6f280e8d932310",
  "name" : "setUp",
  "fullName" : "Command line suite : Command line test.setUp",
  "historyId" : "81d10459b1b01520acedd9dce007ff46",
  "time" : {
    "start" : 1589972769968,
    "stop" : 1589972769972,
    "duration" : 4
  },
  "description" : "@BeforeTest",
  "descriptionHtml" : "<p>@BeforeTest</p>\n",
  "status" : "broken",
  "statusMessage" : "TimeoutException: Expected condition failed: waiting for visibility of Proxy element for: DefaultElementLocator 'By.id: input' (tried for 20 second(s) with 500 milliseconds interval)",
  "statusTrace" : "org.openqa.selenium.TimeoutException: Expected condition failed: waiting for visibility of Proxy element for: DefaultElementLocator 'By.id: input' (tried for 20 second(s) with 500 milliseconds interval)\n\tat org.openqa.selenium.support.ui.WebDriverWait.timeoutException(WebDriverWait.java:138)\n\tat org.openqa.selenium.support.ui.FluentWait.lambda$checkConditionInLoop$2(FluentWait.java:255)\n\tat java.util.concurrent.CompletableFuture$AsyncSupply.run(CompletableFuture.java:1590)\n\tat java.util.concurrent.CompletableFuture$AsyncSupply.exec(CompletableFuture.java:1582)\n\tat java.util.concurrent.ForkJoinTask.doExec(ForkJoinTask.java:289)\n\tat java.util.concurrent.ForkJoinPool$WorkQueue.runTask(ForkJoinPool.java:1056)\n\tat java.util.concurrent.ForkJoinPool.runWorker(ForkJoinPool.java:1692)\n\tat java.util.concurrent.ForkJoinWorkerThread.run(ForkJoinWorkerThread.java:157)\nCaused by: org.openqa.selenium.NoSuchElementException: no such element: Unable to locate element: {\"method\":\"css selector\",\"selector\":\"#input\"}\n  (Session info: chrome=81.0.4044.138)\nFor documentation on this error, please visit: https://selenium.dev/exceptions/#no_such_element\nBuild info: version: '4.0.0-alpha-5', revision: 'b3a0d621cc'\nSystem info: host: 'DESKTOP-2EKP6R8', ip: '169.254.39.241', os.name: 'Windows 10', os.arch: 'amd64', os.version: '10.0', java.version: '1.8.0_231'\nDriver info: org.openqa.selenium.chrome.ChromeDriver\nCapabilities {acceptInsecureCerts: false, browserName: chrome, browserVersion: 81.0.4044.138, chrome: {chromedriverVersion: 81.0.4044.138 (8c6c7ba89cc9..., userDataDir: C:\\Users\\SUFIAN~1\\AppData\\L...}, goog:chromeOptions: {debuggerAddress: localhost:50532}, javascriptEnabled: true, networkConnectionEnabled: false, pageLoadStrategy: normal, platform: WINDOWS, platformName: WINDOWS, proxy: Proxy(), setWindowRect: true, strictFileInteractability: false, timeouts: {implicit: 0, pageLoad: 300000, script: 30000}, unhandledPromptBehavior: dismiss and notify, webauthn:virtualAuthenticators: true}\nSession ID: ddbc639d4dba4b0e7fa2ab2a3950b384\n*** Element info: {Using=id, value=input}\n\tat sun.reflect.GeneratedConstructorAccessor15.newInstance(Unknown Source)\n\tat sun.reflect.DelegatingConstructorAccessorImpl.newInstance(DelegatingConstructorAccessorImpl.java:45)\n\tat java.lang.reflect.Constructor.newInstance(Constructor.java:423)\n\tat org.openqa.selenium.remote.codec.w3c.W3CHttpResponseCodec.createException(W3CHttpResponseCodec.java:196)\n\tat org.openqa.selenium.remote.codec.w3c.W3CHttpResponseCodec.decode(W3CHttpResponseCodec.java:129)\n\tat org.openqa.selenium.remote.codec.w3c.W3CHttpResponseCodec.decode(W3CHttpResponseCodec.java:53)\n\tat org.openqa.selenium.remote.HttpCommandExecutor.execute(HttpCommandExecutor.java:161)\n\tat org.openqa.selenium.remote.service.DriverCommandExecutor.execute(DriverCommandExecutor.java:83)\n\tat org.openqa.selenium.remote.RemoteWebDriver.execute(RemoteWebDriver.java:582)\n\tat org.openqa.selenium.remote.RemoteWebDriver.findElement(RemoteWebDriver.java:333)\n\tat org.openqa.selenium.remote.RemoteWebDriver.findElementById(RemoteWebDriver.java:381)\n\tat org.openqa.selenium.By$ById.findElement(By.java:194)\n\tat org.openqa.selenium.remote.RemoteWebDriver.findElement(RemoteWebDriver.java:325)\n\tat org.openqa.selenium.support.pagefactory.DefaultElementLocator.findElement(DefaultElementLocator.java:70)\n\tat org.openqa.selenium.support.pagefactory.internal.LocatingElementHandler.invoke(LocatingElementHandler.java:39)\n\tat com.sun.proxy.$Proxy16.isDisplayed(Unknown Source)\n\tat org.openqa.selenium.support.ui.ExpectedConditions.elementIfVisible(ExpectedConditions.java:314)\n\tat org.openqa.selenium.support.ui.ExpectedConditions.access$000(ExpectedConditions.java:43)\n\tat org.openqa.selenium.support.ui.ExpectedConditions$10.apply(ExpectedConditions.java:300)\n\tat org.openqa.selenium.support.ui.ExpectedConditions$10.apply(ExpectedConditions.java:297)\n\tat org.openqa.selenium.support.ui.FluentWait.lambda$checkConditionInLoop$2(FluentWait.java:233)\n\t... 6 more\n",
  "flaky" : false,
  "newFailed" : false,
  "beforeStages" : [ ],
  "afterStages" : [ ],
  "labels" : [ {
    "name" : "framework",
    "value" : "TestNG"
  }, {
    "name" : "host",
    "value" : "DESKTOP-2EKP6R8"
  }, {
    "name" : "language",
    "value" : "JAVA"
  }, {
    "name" : "thread",
    "value" : "12672@DESKTOP-2EKP6R8.main(1)"
  }, {
    "name" : "suite",
    "value" : "Command line suite : Command line test"
  }, {
    "name" : "testClass",
    "value" : "Command line suite : Command line test"
  }, {
    "name" : "testMethod",
    "value" : "setUp"
  }, {
    "name" : "package",
    "value" : "Command line suite : Command line test"
  }, {
    "name" : "resultFormat",
    "value" : "allure1"
  } ],
  "parameters" : [ ],
  "links" : [ ],
  "hidden" : true,
  "retry" : true,
  "extra" : {
    "categories" : [ ],
    "tags" : [ ]
  },
  "source" : "dc6f280e8d932310.json",
  "parameterValues" : [ ]
}